#
# A fatal error has been detected by the Java Runtime Environment:
#
#  EXCEPTION_ACCESS_VIOLATION (0xc0000005) at pc=0x000000000b7fac6a, pid=6948, tid=6736
#
# JRE version: 7.0_10-b18
# Java VM: Java HotSpot(TM) 64-Bit Server VM (23.6-b04 mixed mode windows-amd64 compressed oops)
# Problematic frame:
# C  [ig4icd64.dll+0x23ac6a]  DrvRealizeLayerPalette+0x1276a
#
# Failed to write core dump. Minidumps are not enabled by default on client versions of Windows
#
# If you would like to submit a bug report, please visit:
#   http://bugreport.sun.com/bugreport/crash.jsp
#

---------------  T H R E A D  ---------------

Current thread (0x0000000008f72800):  VMThread [stack: 0x0000000009ed0000,0x0000000009fd0000] [id=6736]

siginfo: ExceptionCode=0xc0000005, reading address 0x0000000000000fe0

Registers:
RAX=0x0000000000000000, RBX=0x000000000b2ed568, RCX=0x0000000000000001, RDX=0x0000000009fcf6c0
RSP=0x0000000009fcf688, RBP=0x0000000000000000, RSI=0x000000000b2ed4d0, RDI=0x0000000000000004
R8 =0x0000000009fcf0f8, R9 =0xffffffffffffffff, R10=0x0000000000000000, R11=0x0000000009fcf1f0
R12=0x000007fee44c0000, R13=0x000007fffffac000, R14=0x00000000771f7be0, R15=0x00000000771f2670
RIP=0x000000000b7fac6a, EFLAGS=0x0000000000010202

Top of Stack: (sp=0x0000000009fcf688)
0x0000000009fcf688:   000007fee44e121a 000000000b2ed568
0x0000000009fcf698:   000000000b2ed4d0 0000fd68c8966170
0x0000000009fcf6a8:   000007fee44d785a 000007fee49b50ac
0x0000000009fcf6b8:   000007fee44e0f67 0000000000000001
0x0000000009fcf6c8:   000007fee495db20 00000000025762d0
0x0000000009fcf6d8:   0000000000000001 000007fee495db20
0x0000000009fcf6e8:   000007fee44e0f02 00000000771f2670
0x0000000009fcf6f8:   000007fee4916658 0000000000000001
0x0000000009fcf708:   0000000000169a70 0000000009fcf738
0x0000000009fcf718:   0000000008f83340 0000000000000000
0x0000000009fcf728:   000007fee44c2588 0000000000000000
0x0000000009fcf738:   000000000000000c 0000000008f83308
0x0000000009fcf748:   0000000080521e6d 0000000000000000
0x0000000009fcf758:   000007fee44c1409 000000003539f3a6
0x0000000009fcf768:   0000000000177490 0000000000000000
0x0000000009fcf778:   00000000771f7be0 00000000001775a0 

Instructions: (pc=0x000000000b7fac6a)
0x000000000b7fac4a:   8b f9 8b 0d a6 47 c8 00 48 8b da ff 15 dd f7 ab
0x000000000b7fac5a:   00 48 8b d3 8b cf 48 8b 5c 24 30 48 83 c4 20 5f
0x000000000b7fac6a:   48 ff a0 e0 0f 00 00 cc cc cc cc cc cc cc cc cc
0x000000000b7fac7a:   cc cc cc cc cc cc 48 89 5c 24 08 57 48 83 ec 20 


Register to memory mapping:

RAX=0x0000000000000000 is an unknown value
RBX=0x000000000b2ed568 is an unknown value
RCX=0x0000000000000001 is an unknown value
RDX=0x0000000009fcf6c0 is an unknown value
RSP=0x0000000009fcf688 is an unknown value
RBP=0x0000000000000000 is an unknown value
RSI=0x000000000b2ed4d0 is an unknown value
RDI=0x0000000000000004 is an unknown value
R8 =0x0000000009fcf0f8 is an unknown value
R9 =0xffffffffffffffff is an unknown value
R10=0x0000000000000000 is an unknown value
R11=0x0000000009fcf1f0 is an unknown value
R12=0x000007fee44c0000 is an unknown value
R13=0x000007fffffac000 is an unknown value
R14=0x00000000771f7be0 is an unknown value
R15=0x00000000771f2670 is an unknown value


Stack: [0x0000000009ed0000,0x0000000009fd0000],  sp=0x0000000009fcf688,  free space=1021k
Native frames: (J=compiled Java code, j=interpreted, Vv=VM code, C=native code)
C  [ig4icd64.dll+0x23ac6a]  DrvRealizeLayerPalette+0x1276a

[error occurred during error reporting (printing native stack), id 0xc0000005]

VM_Operation (0x00000000027cef10): Exit, mode: safepoint, requested by thread 0x00000000026ac800


---------------  P R O C E S S  ---------------

Java Threads: ( => current thread )
  0x000000000ac06000 JavaThread "Java2D Disposer" daemon [_thread_blocked, id=7040, stack(0x0000000010030000,0x0000000010130000)]
  0x0000000009010800 JavaThread "Service Thread" daemon [_thread_blocked, id=8432, stack(0x0000000009d50000,0x0000000009e50000)]
  0x000000000900b800 JavaThread "C2 CompilerThread1" daemon [_thread_blocked, id=6688, stack(0x000000000a7f0000,0x000000000a8f0000)]
  0x0000000008ff4800 JavaThread "C2 CompilerThread0" daemon [_thread_blocked, id=8124, stack(0x000000000a6a0000,0x000000000a7a0000)]
  0x0000000008ff2000 JavaThread "Attach Listener" daemon [_thread_blocked, id=7848, stack(0x000000000a4d0000,0x000000000a5d0000)]
  0x0000000008feb000 JavaThread "Signal Dispatcher" daemon [_thread_blocked, id=9160, stack(0x000000000a300000,0x000000000a400000)]
  0x00000000025f5800 JavaThread "Finalizer" daemon [_thread_blocked, id=9112, stack(0x000000000a170000,0x000000000a270000)]
  0x00000000025ef000 JavaThread "Reference Handler" daemon [_thread_blocked, id=7832, stack(0x000000000a030000,0x000000000a130000)]
  0x00000000026ac800 JavaThread "main" [_thread_blocked, id=8372, stack(0x00000000026d0000,0x00000000027d0000)]

Other Threads:
=>0x0000000008f72800 VMThread [stack: 0x0000000009ed0000,0x0000000009fd0000] [id=6736]

VM state:at safepoint (shutting down)

VM Mutex/Monitor currently owned by a thread:  ([mutex/lock_event])
[0x00000000026aace0] Threads_lock - owner thread: 0x0000000008f72800

Heap
 PSYoungGen      total 17856K, used 11855K [0x00000000ec160000, 0x00000000ed540000, 0x0000000100000000)
  eden space 15360K, 77% used [0x00000000ec160000,0x00000000eccf3d70,0x00000000ed060000)
  from space 2496K, 0% used [0x00000000ed2d0000,0x00000000ed2d0000,0x00000000ed540000)
  to   space 2496K, 0% used [0x00000000ed060000,0x00000000ed060000,0x00000000ed2d0000)
 ParOldGen       total 40768K, used 0K [0x00000000c4400000, 0x00000000c6bd0000, 0x00000000ec160000)
  object space 40768K, 0% used [0x00000000c4400000,0x00000000c4400000,0x00000000c6bd0000)
 PSPermGen       total 21248K, used 9477K [0x00000000bf200000, 0x00000000c06c0000, 0x00000000c4400000)
  object space 21248K, 44% used [0x00000000bf200000,0x00000000bfb417f0,0x00000000c06c0000)

Card table byte_map: [0x00000000058c0000,0x0000000005ad0000] byte_map_base: 0x00000000052c7000

Polling page: 0x0000000001db0000

Code Cache  [0x00000000028c0000, 0x0000000002b30000, 0x00000000058c0000)
 total_blobs=592 nmethods=129 adapters=414 free_code_cache=48388Kb largest_free_block=49520576

Compilation events (10 events):
Event: 37.060 Thread 0x000000000900b800  125             java.util.HashMap::indexFor (6 bytes)
Event: 37.061 Thread 0x000000000900b800 nmethod 125 0x000000000293dad0 code [0x000000000293dc00, 0x000000000293dc38]
Event: 37.239 Thread 0x000000000900b800  126             java.nio.HeapByteBuffer::ix (7 bytes)
Event: 37.240 Thread 0x000000000900b800 nmethod 126 0x0000000002975590 code [0x00000000029756c0, 0x0000000002975718]
Event: 37.678 Thread 0x000000000900b800  127             java.util.HashMap::hash (59 bytes)
Event: 37.682 Thread 0x000000000900b800 nmethod 127 0x000000000297abd0 code [0x000000000297ad20, 0x000000000297ae48]
Event: 37.845 Thread 0x0000000008ff4800  128             java.nio.DirectByteBuffer::put (18 bytes)
Event: 37.847 Thread 0x0000000008ff4800 nmethod 128 0x0000000002979010 code [0x0000000002979140, 0x00000000029791d8]
Event: 37.896 Thread 0x0000000008ff4800  129             java.lang.AbstractStringBuilder::ensureCapacityInternal (16 bytes)
Event: 37.906 Thread 0x0000000008ff4800 nmethod 129 0x0000000002975cd0 code [0x0000000002975e20, 0x0000000002976098]

GC Heap History (0 events):
No events

Deoptimization events (2 events):
Event: 2.143 Thread 0x00000000026ac800 Uncommon trap -12 fr.pc 0x000000000293a5cc
Event: 2.348 Thread 0x00000000026ac800 Uncommon trap -34 fr.pc 0x00000000029489e8

Internal exceptions (10 events):
Event: 11.394 Thread 0x00000000026ac800 Threw 0x00000000ec8aa410 at C:\jdk7u2_64p\jdk7u10\hotspot\src\share\vm\prims\jvm.cpp:1166
Event: 11.500 Thread 0x00000000026ac800 Threw 0x00000000ec8af968 at C:\jdk7u2_64p\jdk7u10\hotspot\src\share\vm\prims\jvm.cpp:1166
Event: 11.501 Thread 0x00000000026ac800 Threw 0x00000000ec8b6440 at C:\jdk7u2_64p\jdk7u10\hotspot\src\share\vm\prims\jvm.cpp:1166
Event: 37.843 Thread 0x00000000026ac800 Threw 0x00000000ecc656d8 at C:\jdk7u2_64p\jdk7u10\hotspot\src\share\vm\prims\jvm.cpp:1166
Event: 37.886 Thread 0x00000000026ac800 Threw 0x00000000ecc69640 at C:\jdk7u2_64p\jdk7u10\hotspot\src\share\vm\prims\jvm.cpp:1166
Event: 37.889 Thread 0x00000000026ac800 Threw 0x00000000ecc6eb40 at C:\jdk7u2_64p\jdk7u10\hotspot\src\share\vm\prims\jvm.cpp:1166
Event: 37.891 Thread 0x00000000026ac800 Threw 0x00000000ecc79468 at C:\jdk7u2_64p\jdk7u10\hotspot\src\share\vm\prims\jvm.cpp:1166
Event: 37.892 Thread 0x00000000026ac800 Threw 0x00000000ecc7e848 at C:\jdk7u2_64p\jdk7u10\hotspot\src\share\vm\prims\jvm.cpp:1166
Event: 37.894 Thread 0x00000000026ac800 Threw 0x00000000ecc84c00 at C:\jdk7u2_64p\jdk7u10\hotspot\src\share\vm\prims\jvm.cpp:1166
Event: 37.896 Thread 0x00000000026ac800 Threw 0x00000000ecc89be8 at C:\jdk7u2_64p\jdk7u10\hotspot\src\share\vm\prims\jvm.cpp:1166

Events (10 events):
Event: 37.899 loading class 0x000000000ab6af00
Event: 37.899 loading class 0x000000000ab6af00 done
Event: 37.900 loading class 0x000000000ab83d70 done
Event: 37.900 Thread 0x000000000ad49800 Thread added: 0x000000000ad49800
Event: 37.907 loading class 0x0000000008fd5d00
Event: 37.908 loading class 0x0000000008fd5cc0
Event: 37.908 loading class 0x0000000008fd5cc0 done
Event: 37.908 loading class 0x0000000008fd5d00 done
Event: 37.908 Thread 0x000000000ad49800 Thread exited: 0x000000000ad49800
Event: 37.908 Executing VM operation: Exit


Dynamic libraries:
0x000000013f6a0000 - 0x000000013f6d3000 	D:\Program Files\Java\jre7\bin\javaw.exe
0x00000000770c0000 - 0x0000000077269000 	C:\Windows\SYSTEM32\ntdll.dll
0x0000000070220000 - 0x000000007026a000 	D:\Program Files\AVAST Software\Avast\snxhk64.dll
0x0000000076ea0000 - 0x0000000076fbf000 	C:\Windows\system32\KERNEL32.dll
0x000007fefd610000 - 0x000007fefd67b000 	C:\Windows\system32\KERNELBASE.dll
0x000007fefdd10000 - 0x000007fefddeb000 	C:\Windows\system32\ADVAPI32.dll
0x000007fefda30000 - 0x000007fefdacf000 	C:\Windows\system32\msvcrt.dll
0x000007fefddf0000 - 0x000007fefde0f000 	C:\Windows\SYSTEM32\sechost.dll
0x000007fefd900000 - 0x000007fefda2d000 	C:\Windows\system32\RPCRT4.dll
0x0000000076fc0000 - 0x00000000770ba000 	C:\Windows\system32\USER32.dll
0x000007fefe2a0000 - 0x000007fefe307000 	C:\Windows\system32\GDI32.dll
0x000007fefd8f0000 - 0x000007fefd8fe000 	C:\Windows\system32\LPK.dll
0x000007fefe010000 - 0x000007fefe0d9000 	C:\Windows\system32\USP10.dll
0x000007fefbfa0000 - 0x000007fefc194000 	C:\Windows\WinSxS\amd64_microsoft.windows.common-controls_6595b64144ccf1df_6.0.7601.17514_none_fa396087175ac9ac\COMCTL32.dll
0x000007feff120000 - 0x000007feff191000 	C:\Windows\system32\SHLWAPI.dll
0x000007fefdce0000 - 0x000007fefdd0e000 	C:\Windows\system32\IMM32.DLL
0x000007fefdf00000 - 0x000007fefe009000 	C:\Windows\system32\MSCTF.dll
0x00000000222f0000 - 0x00000000223f5000 	C:\Program Files\CheckPoint\ZAForceField\Plugins\ISWSHEX.dll
0x0000000071bc0000 - 0x0000000071c89000 	C:\Windows\WinSxS\amd64_microsoft.vc80.crt_1fc8b3b9a1e18e3b_8.0.50727.4940_none_88df89932faf0bf6\MSVCR80.dll
0x000007fefd720000 - 0x000007fefd759000 	C:\Windows\system32\WINTRUST.dll
0x000007fefd760000 - 0x000007fefd8ca000 	C:\Windows\system32\CRYPT32.dll
0x000007fefd5c0000 - 0x000007fefd5cf000 	C:\Windows\system32\MSASN1.dll
0x0000000071ab0000 - 0x0000000071bb9000 	C:\Windows\WinSxS\amd64_microsoft.vc80.crt_1fc8b3b9a1e18e3b_8.0.50727.4940_none_88df89932faf0bf6\MSVCP80.dll
0x000007fefdad0000 - 0x000007fefdcd3000 	C:\Windows\system32\ole32.dll
0x0000000071440000 - 0x0000000071511000 	D:\Program Files\Java\jre7\bin\msvcr100.dll
0x00000000596f0000 - 0x0000000059e0f000 	D:\Program Files\Java\jre7\bin\server\jvm.dll
0x000007fef6940000 - 0x000007fef6949000 	C:\Windows\system32\WSOCK32.dll
0x000007feff1a0000 - 0x000007feff1ed000 	C:\Windows\system32\WS2_32.dll
0x000007fefdef0000 - 0x000007fefdef8000 	C:\Windows\system32\NSI.dll
0x000007fef9b70000 - 0x000007fef9bab000 	C:\Windows\system32\WINMM.dll
0x0000000077280000 - 0x0000000077287000 	C:\Windows\system32\PSAPI.DLL
0x0000000071670000 - 0x000000007167f000 	D:\Program Files\Java\jre7\bin\verify.dll
0x0000000071640000 - 0x0000000071668000 	D:\Program Files\Java\jre7\bin\java.dll
0x00000000715e0000 - 0x00000000715f5000 	D:\Program Files\Java\jre7\bin\zip.dll
0x0000000180000000 - 0x000000018004f000 	D:\Workspaces\1\SlickLibs\lib\windows\lwjgl64.dll
0x000007fee6f30000 - 0x000007fee704d000 	C:\Windows\system32\OPENGL32.dll
0x000007fef3860000 - 0x000007fef388d000 	C:\Windows\system32\GLU32.dll
0x000007fee8160000 - 0x000007fee8251000 	C:\Windows\system32\DDRAW.dll
0x000007fef7440000 - 0x000007fef7448000 	C:\Windows\system32\DCIMAN32.dll
0x000007feff1f0000 - 0x000007feff3c7000 	C:\Windows\system32\SETUPAPI.dll
0x000007fefd5d0000 - 0x000007fefd606000 	C:\Windows\system32\CFGMGR32.dll
0x000007fefde10000 - 0x000007fefdee7000 	C:\Windows\system32\OLEAUT32.dll
0x000007fefd8d0000 - 0x000007fefd8ea000 	C:\Windows\system32\DEVOBJ.dll
0x000007fefb880000 - 0x000007fefb898000 	C:\Windows\system32\dwmapi.dll
0x000007fefc630000 - 0x000007fefc63c000 	C:\Windows\system32\VERSION.dll
0x00000000715c0000 - 0x00000000715d9000 	D:\Program Files\Java\jre7\bin\net.dll
0x000007fefcd70000 - 0x000007fefcdc5000 	C:\Windows\system32\mswsock.dll
0x000007fefcd60000 - 0x000007fefcd67000 	C:\Windows\System32\wship6.dll
0x00000000715a0000 - 0x00000000715b1000 	D:\Program Files\Java\jre7\bin\nio.dll
0x000007fefbc50000 - 0x000007fefbca6000 	C:\Windows\system32\uxtheme.dll
0x000007fee44c0000 - 0x000007fee4b64000 	D:\Program Files (x86)\PlayClaw4\PLAYCLAWHOOK64.dll
0x000007fefe310000 - 0x000007feff098000 	C:\Windows\system32\SHELL32.dll
0x0000000008db0000 - 0x0000000008e57000 	C:\Program Files\Lenovo\Password Manager\tvtpwm_windows_hook_x64.dll
0x000000000b5c0000 - 0x000000000c72a000 	C:\Windows\system32\ig4icd64.dll
0x000007fefd450000 - 0x000007fefd45f000 	C:\Windows\system32\CRYPTBASE.dll
0x000007feecb10000 - 0x000007feecbac000 	C:\Windows\system32\mscms.dll
0x000007fefc820000 - 0x000007fefc83e000 	C:\Windows\system32\USERENV.dll
0x000007fefd520000 - 0x000007fefd52f000 	C:\Windows\system32\profapi.dll
0x000007feed4d0000 - 0x000007feed512000 	C:\Windows\system32\icm32.dll
0x000000005cc40000 - 0x000000005cdd3000 	D:\Program Files\Java\jre7\bin\awt.dll
0x000007fefcdd0000 - 0x000007fefcde7000 	C:\Windows\system32\CRYPTSP.dll
0x000007fefcad0000 - 0x000007fefcb17000 	C:\Windows\system32\rsaenh.dll
0x000007fefb070000 - 0x000007fefb085000 	C:\Windows\system32\NLAapi.dll
0x000007fef7790000 - 0x000007fef77a5000 	C:\Windows\system32\napinsp.dll
0x000007fef7770000 - 0x000007fef7789000 	C:\Windows\system32\pnrpnsp.dll
0x000007fefcbf0000 - 0x000007fefcc4b000 	C:\Windows\system32\DNSAPI.dll
0x000007fef7760000 - 0x000007fef776b000 	C:\Windows\System32\winrnr.dll
0x000007fef7750000 - 0x000007fef7760000 	C:\Windows\system32\wshbth.dll
0x0000000070f30000 - 0x0000000070f56000 	C:\Program Files\Bonjour\mdnsNSP.dll
0x000007fefad80000 - 0x000007fefada7000 	C:\Windows\system32\Iphlpapi.DLL
0x000007fefad70000 - 0x000007fefad7b000 	C:\Windows\system32\WINNSI.DLL
0x000007fef7720000 - 0x000007fef774f000 	C:\Program Files\Common Files\Microsoft Shared\Windows Live\WLIDNSP.DLL
0x000007fefc700000 - 0x000007fefc707000 	C:\Windows\System32\wshtcpip.dll
0x000007fef7710000 - 0x000007fef7718000 	C:\Windows\system32\rasadhlp.dll
0x000007fefab80000 - 0x000007fefabd3000 	C:\Windows\System32\fwpuclnt.dll
0x0000000062900000 - 0x0000000062930000 	D:\Program Files\Java\jre7\bin\jpeg.dll
0x0000000062550000 - 0x0000000062589000 	D:\Program Files\Java\jre7\bin\kcms.dll
0x000007fefa010000 - 0x000007fefa135000 	C:\Windows\system32\dbghelp.dll

VM Arguments:
jvm_args: -Djava.library.path=D:\Workspaces\1\SlickLibs\lib\windows;D:\Workspaces\1\SlickLibs\lib\windows -Dfile.encoding=Cp1252 
java_command: de.blogspot.hollowspecter.jump.Jump
Launcher Type: SUN_STANDARD

Environment Variables:
CLASSPATH=.;C:\Program Files (x86)\Java\jre7\lib\ext\QTJava.zip
PATH=C:\Program Files\Common Files\Microsoft Shared\Windows Live;C:\Program Files (x86)\Common Files\Microsoft Shared\Windows Live;C:\Program Files (x86)\AMD APP\bin\x86_64;C:\Program Files (x86)\AMD APP\bin\x86;C:\Program Files\Broadcom\Broadcom 802.11 Network Adapter\Driver;C:\Program Files (x86)\Intel\iCLS Client\;C:\Program Files\Intel\iCLS Client\;C:\Windows\system32;C:\Windows;C:\Windows\System32\Wbem;C:\Windows\System32\WindowsPowerShell\v1.0\;D:\Program Files (x86)\Lenovo\Access Connections\;C:\Program Files (x86)\Intel\OpenCL SDK\2.0\bin\x86;C:\Program Files (x86)\Intel\OpenCL SDK\2.0\bin\x64;C:\Program Files\Intel\Intel(R) Management Engine Components\DAL;C:\Program Files\Intel\Intel(R) Management Engine Components\IPT;C:\Program Files (x86)\Intel\Intel(R) Management Engine Components\DAL;C:\Program Files (x86)\Intel\Intel(R) Management Engine Components\IPT;C:\Program Files\Intel\WiFi\bin\;C:\Program Files\Common Files\Intel\WirelessCommon\;D:\Program Files (x86)\QuickTime\QTSystem\;C:\Program Files (x86)\Windows Live\Shared;C:\Program Files\Intel\WiFi\bin\;C:\Program Files\Common Files\Intel\WirelessCommon\
USERNAME=hollowspecter
OS=Windows_NT
PROCESSOR_IDENTIFIER=Intel64 Family 6 Model 42 Stepping 7, GenuineIntel



---------------  S Y S T E M  ---------------

OS: Windows 7 , 64 bit Build 7601 Service Pack 1

CPU:total 4 (2 cores per cpu, 2 threads per core) family 6 model 42 stepping 7, cmov, cx8, fxsr, mmx, sse, sse2, sse3, ssse3, sse4.1, sse4.2, popcnt, avx, ht, tsc, tscinvbit

Memory: 4k page, physical 3907824k(1013908k free), swap 7813796k(3538576k free)

vm_info: Java HotSpot(TM) 64-Bit Server VM (23.6-b04) for windows-amd64 JRE (1.7.0_10-b18), built on Nov 28 2012 05:00:40 by "java_re" with unknown MS VC++:1600

time: Mon Jan 28 16:27:39 2013
elapsed time: 38 seconds

